Initialized native services in: /home/runner/.gradle/native
Initialized jansi services in: /home/runner/.gradle/native
Received JVM installation metadata from '/usr/lib/jvm/temurin-17-jdk-amd64': {JAVA_HOME=/usr/lib/jvm/temurin-17-jdk-amd64, JAVA_VERSION=17.0.19, JAVA_VENDOR=Eclipse Adoptium, RUNTIME_NAME=OpenJDK Runtime Environment, RUNTIME_VERSION=17.0.19+10, VM_NAME=OpenJDK 64-Bit Server VM, VM_VERSION=17.0.19+10, VM_VENDOR=Eclipse Adoptium, OS_ARCH=amd64}
To honour the JVM settings for this build a single-use Daemon process will be forked. For more on this, please refer to https://docs.gradle.org/8.6/userguide/gradle_daemon.html#sec:disabling_the_daemon in the Gradle documentation.
Starting process 'Gradle build daemon'. Working directory: /home/runner/.gradle/daemon/8.6 Command: /usr/lib/jvm/temurin-17-jdk-amd64/bin/java --add-opens=java.base/java.util=ALL-UNNAMED --add-opens=java.base/java.lang=ALL-UNNAMED --add-opens=java.base/java.lang.invoke=ALL-UNNAMED --add-opens=java.prefs/java.util.prefs=ALL-UNNAMED --add-opens=java.base/java.nio.charset=ALL-UNNAMED --add-opens=java.base/java.net=ALL-UNNAMED --add-opens=java.base/java.util.concurrent.atomic=ALL-UNNAMED -XX:MaxMetaspaceSize=384m -XX:+HeapDumpOnOutOfMemoryError -Xms256m -Xmx512m -Dfile.encoding=UTF-8 -Duser.country -Duser.language=en -Duser.variant -cp /home/runner/work/_temp/.gradle-actions/gradle-installations/installs/gradle-8.6/lib/gradle-launcher-8.6.jar -javaagent:/home/runner/work/_temp/.gradle-actions/gradle-installations/installs/gradle-8.6/lib/agents/gradle-instrumentation-agent-8.6.jar org.gradle.launcher.daemon.bootstrap.GradleDaemon 8.6
Successfully started process 'Gradle build daemon'
An attempt to start the daemon took 0.66 secs.
The client will now receive all logging from the daemon (pid: 2537). The daemon log file: /home/runner/.gradle/daemon/8.6/daemon-2537.out.log
Closing daemon's stdin at end of input.
The daemon will no longer process any standard input.
Daemon will be stopped at the end of the build 
Using 4 worker leases.
Received JVM installation metadata from '/usr/lib/jvm/temurin-17-jdk-amd64': {JAVA_HOME=/usr/lib/jvm/temurin-17-jdk-amd64, JAVA_VERSION=17.0.19, JAVA_VENDOR=Eclipse Adoptium, RUNTIME_NAME=OpenJDK Runtime Environment, RUNTIME_VERSION=17.0.19+10, VM_NAME=OpenJDK 64-Bit Server VM, VM_VERSION=17.0.19+10, VM_VENDOR=Eclipse Adoptium, OS_ARCH=amd64}
Watching the file system is configured to be enabled if available
Now considering [/home/runner/work/-/-] as hierarchies to watch
File system watching is active
Starting Build
Settings evaluated using settings file '/home/runner/work/-/-/settings.gradle.kts'.
Projects loaded. Root project using build file '/home/runner/work/-/-/build.gradle.kts'.
Included projects: [root project 'UniversalImageStudio', project ':app']

> Configure project :
Evaluating root project 'UniversalImageStudio' using build file '/home/runner/work/-/-/build.gradle.kts'.
Transforming gradle-8.3.0.jar (com.android.tools.build:gradle:8.3.0) with ExternalDependencyInstrumentingArtifactTransform
Transforming lint-model-31.3.0.jar (com.android.tools.lint:lint-model:31.3.0) with ExternalDependencyInstrumentingArtifactTransform
Transforming gradle-settings-api-8.3.0.jar (com.android.tools.build:gradle-settings-api:8.3.0) with ExternalDependencyInstrumentingArtifactTransform
Transforming builder-8.3.0.jar (com.android.tools.build:builder:8.3.0) with ExternalDependencyInstrumentingArtifactTransform
Transforming sdk-common-31.3.0.jar (com.android.tools:sdk-common:31.3.0) with ExternalDependencyInstrumentingArtifactTransform
Transforming manifest-merger-31.3.0.jar (com.android.tools.build:manifest-merger:31.3.0) with ExternalDependencyInstrumentingArtifactTransform
Transforming sdklib-31.3.0.jar (com.android.tools:sdklib:31.3.0) with ExternalDependencyInstrumentingArtifactTransform
Transforming repository-31.3.0.jar (com.android.tools:repository:31.3.0) with ExternalDependencyInstrumentingArtifactTransform
Transforming tracker-31.3.0.jar (com.android.tools.analytics-library:tracker:31.3.0) with ExternalDependencyInstrumentingArtifactTransform
Transforming shared-31.3.0.jar (com.android.tools.analytics-library:shared:31.3.0) with ExternalDependencyInstrumentingArtifactTransform
Transforming databinding-compiler-common-8.3.0.jar (androidx.databinding:databinding-compiler-common:8.3.0) with ExternalDependencyInstrumentingArtifactTransform
Transforming aaptcompiler-8.3.0.jar (com.android.tools.build:aaptcompiler:8.3.0) with ExternalDependencyInstrumentingArtifactTransform
Transforming android-test-plugin-host-emulator-control-proto-31.3.0.jar (com.android.tools.utp:android-test-plugin-host-emulator-control-proto:31.3.0) with ExternalDependencyInstrumentingArtifactTransform
Transforming android-test-plugin-host-retention-proto-31.3.0.jar (com.android.tools.utp:android-test-plugin-host-retention-proto:31.3.0) with ExternalDependencyInstrumentingArtifactTransform
Transforming builder-model-8.3.0.jar (com.android.tools.build:builder-model:8.3.0) with ExternalDependencyInstrumentingArtifactTransform
Transforming gradle-api-8.3.0.jar (com.android.tools.build:gradle-api:8.3.0) with ExternalDependencyInstrumentingArtifactTransform
Transforming builder-test-api-8.3.0.jar (com.android.tools.build:builder-test-api:8.3.0) with ExternalDependencyInstrumentingArtifactTransform
Transforming ddmlib-31.3.0.jar (com.android.tools.ddms:ddmlib:31.3.0) with ExternalDependencyInstrumentingArtifactTransform
Transforming layoutlib-api-31.3.0.jar (com.android.tools.layoutlib:layoutlib-api:31.3.0) with ExternalDependencyInstrumentingArtifactTransform
Transforming dvlib-31.3.0.jar (com.android.tools:dvlib:31.3.0) with ExternalDependencyInstrumentingArtifactTransform
Transforming common-31.3.0.jar (com.android.tools:common:31.3.0) with ExternalDependencyInstrumentingArtifactTransform
Transforming jetifier-processor-1.0.0-beta10.jar (com.android.tools.build.jetifier:jetifier-processor:1.0.0-beta10) with ExternalDependencyInstrumentingArtifactTransform
Transforming kotlin-stdlib-jdk8-1.9.20.jar (org.jetbrains.kotlin:kotlin-stdlib-jdk8:1.9.20) with ExternalDependencyInstrumentingArtifactTransform
Transforming jetifier-core-1.0.0-beta10.jar (com.android.tools.build.jetifier:jetifier-core:1.0.0-beta10) with ExternalDependencyInstrumentingArtifactTransform
Transforming kotlin-reflect-1.9.20.jar (org.jetbrains.kotlin:kotlin-reflect:1.9.20) with ExternalDependencyInstrumentingArtifactTransform
Transforming kotlin-stdlib-jdk7-1.9.20.jar (org.jetbrains.kotlin:kotlin-stdlib-jdk7:1.9.20) with ExternalDependencyInstrumentingArtifactTransform
Transforming kotlin-stdlib-1.9.20.jar (org.jetbrains.kotlin:kotlin-stdlib:1.9.20) with ExternalDependencyInstrumentingArtifactTransform
Transforming annotations-13.0.jar (org.jetbrains:annotations:13.0) with ExternalDependencyInstrumentingArtifactTransform
Transforming kotlin-gradle-plugin-model-1.9.22.jar (org.jetbrains.kotlin:kotlin-gradle-plugin-model:1.9.22) with ExternalDependencyInstrumentingArtifactTransform
Transforming kotlin-gradle-plugin-api-1.9.22.jar (org.jetbrains.kotlin:kotlin-gradle-plugin-api:1.9.22) with ExternalDependencyInstrumentingArtifactTransform
Transforming kotlin-gradle-plugin-1.9.22-gradle82.jar (org.jetbrains.kotlin:kotlin-gradle-plugin:1.9.22) with ExternalDependencyInstrumentingArtifactTransform
Transforming bundletool-1.15.6.jar (com.android.tools.build:bundletool:1.15.6) with ExternalDependencyInstrumentingArtifactTransform
Transforming aapt2-proto-8.3.0-10880808.jar (com.android.tools.build:aapt2-proto:8.3.0-10880808) with ExternalDependencyInstrumentingArtifactTransform
Transforming crash-31.3.0.jar (com.android.tools.analytics-library:crash:31.3.0) with ExternalDependencyInstrumentingArtifactTransform
Transforming lint-typedef-remover-31.3.0.jar (com.android.tools.lint:lint-typedef-remover:31.3.0) with ExternalDependencyInstrumentingArtifactTransform
Transforming databinding-common-8.3.0.jar (androidx.databinding:databinding-common:8.3.0) with ExternalDependencyInstrumentingArtifactTransform
Transforming baseLibrary-8.3.0.jar (com.android.databinding:baseLibrary:8.3.0) with ExternalDependencyInstrumentingArtifactTransform
Transforming android-device-provider-gradle-proto-31.3.0.jar (com.android.tools.utp:android-device-provider-gradle-proto:31.3.0) with ExternalDependencyInstrumentingArtifactTransform
Transforming android-device-provider-ddmlib-proto-31.3.0.jar (com.android.tools.utp:android-device-provider-ddmlib-proto:31.3.0) with ExternalDependencyInstrumentingArtifactTransform
Transforming android-test-plugin-host-additional-test-output-proto-31.3.0.jar (com.android.tools.utp:android-test-plugin-host-additional-test-output-proto:31.3.0) with ExternalDependencyInstrumentingArtifactTransform
Transforming android-test-plugin-host-coverage-proto-31.3.0.jar (com.android.tools.utp:android-test-plugin-host-coverage-proto:31.3.0) with ExternalDependencyInstrumentingArtifactTransform
Transforming android-test-plugin-host-logcat-proto-31.3.0.jar (com.android.tools.utp:android-test-plugin-host-logcat-proto:31.3.0) with ExternalDependencyInstrumentingArtifactTransform
Transforming android-test-plugin-host-apk-installer-proto-31.3.0.jar (com.android.tools.utp:android-test-plugin-host-apk-installer-proto:31.3.0) with ExternalDependencyInstrumentingArtifactTransform
Transforming android-test-plugin-result-listener-gradle-proto-31.3.0.jar (com.android.tools.utp:android-test-plugin-result-listener-gradle-proto:31.3.0) with ExternalDependencyInstrumentingArtifactTransform
Transforming transform-api-2.0.0-deprecated-use-gradle-api.jar (com.android.tools.build:transform-api:2.0.0-deprecated-use-gradle-api) with ExternalDependencyInstrumentingArtifactTransform
Transforming httpmime-4.5.6.jar (org.apache.httpcomponents:httpmime:4.5.6) with ExternalDependencyInstrumentingArtifactTransform
Transforming commons-io-2.13.0.jar (commons-io:commons-io:2.13.0) with ExternalDependencyInstrumentingArtifactTransform
Transforming asm-commons-9.6.jar (org.ow2.asm:asm-commons:9.6) with ExternalDependencyInstrumentingArtifactTransform
Transforming asm-util-9.6.jar (org.ow2.asm:asm-util:9.6) with ExternalDependencyInstrumentingArtifactTransform
Transforming asm-tree-9.6.jar (org.ow2.asm:asm-tree:9.6) with ExternalDependencyInstrumentingArtifactTransform
Transforming asm-analysis-9.6.jar (org.ow2.asm:asm-analysis:9.6) with ExternalDependencyInstrumentingArtifactTransform
Transforming asm-9.6.jar (org.ow2.asm:asm:9.6) with ExternalDependencyInstrumentingArtifactTransform
Transforming apkzlib-8.3.0.jar (com.android.tools.build:apkzlib:8.3.0) with ExternalDependencyInstrumentingArtifactTransform
Transforming bcpkix-jdk15on-1.67.jar (org.bouncycastle:bcpkix-jdk15on:1.67) with ExternalDependencyInstrumentingArtifactTransform
Transforming jaxb-runtime-2.3.2.jar (org.glassfish.jaxb:jaxb-runtime:2.3.2) with ExternalDependencyInstrumentingArtifactTransform
Transforming jopt-simple-4.9.jar (net.sf.jopt-simple:jopt-simple:4.9) with ExternalDependencyInstrumentingArtifactTransform
Transforming javapoet-1.10.0.jar (com.squareup:javapoet:1.10.0) with ExternalDependencyInstrumentingArtifactTransform
Transforming protobuf-java-util-3.22.3.jar (com.google.protobuf:protobuf-java-util:3.22.3) with ExternalDependencyInstrumentingArtifactTransform
Transforming grpc-protobuf-1.57.0.jar (io.grpc:grpc-protobuf:1.57.0) with ExternalDependencyInstrumentingArtifactTransform
Transforming tink-1.7.0.jar (com.google.crypto.tink:tink:1.7.0) with ExternalDependencyInstrumentingArtifactTransform
Transforming protos-31.3.0.jar (com.android.tools.analytics-library:protos:31.3.0) with ExternalDependencyInstrumentingArtifactTransform
Transforming proto-google-common-protos-2.17.0.jar (com.google.api.grpc:proto-google-common-protos:2.17.0) with ExternalDependencyInstrumentingArtifactTransform
Transforming grpc-netty-1.57.0.jar (io.grpc:grpc-netty:1.57.0) with ExternalDependencyInstrumentingArtifactTransform
Transforming protobuf-java-3.22.3.jar (com.google.protobuf:protobuf-java:3.22.3) with ExternalDependencyInstrumentingArtifactTransform
Transforming grpc-core-1.57.0.jar (io.grpc:grpc-core:1.57.0) with ExternalDependencyInstrumentingArtifactTransform
Transforming gson-2.10.1.jar (com.google.code.gson:gson:2.10.1) with ExternalDependencyInstrumentingArtifactTransform
Transforming core-proto-0.0.9-alpha02.jar (com.google.testing.platform:core-proto:0.0.9-alpha02) with ExternalDependencyInstrumentingArtifactTransform
Transforming grpc-stub-1.57.0.jar (io.grpc:grpc-stub:1.57.0) with ExternalDependencyInstrumentingArtifactTransform
Transforming kxml2-2.3.0.jar (net.sf.kxml:kxml2:2.3.0) with ExternalDependencyInstrumentingArtifactTransform
Transforming tensorflow-lite-metadata-0.1.0-rc2.jar (org.tensorflow:tensorflow-lite-metadata:0.1.0-rc2) with ExternalDependencyInstrumentingArtifactTransform
Transforming flatbuffers-java-1.12.0.jar (com.google.flatbuffers:flatbuffers-java:1.12.0) with ExternalDependencyInstrumentingArtifactTransform
Transforming kotlin-gradle-plugin-idea-proto-1.9.22.jar (org.jetbrains.kotlin:kotlin-gradle-plugin-idea-proto:1.9.22) with ExternalDependencyInstrumentingArtifactTransform
Transforming kotlin-gradle-plugin-idea-1.9.22.jar (org.jetbrains.kotlin:kotlin-gradle-plugin-idea:1.9.22) with ExternalDependencyInstrumentingArtifactTransform
Transforming kotlin-klib-commonizer-api-1.9.22.jar (org.jetbrains.kotlin:kotlin-klib-commonizer-api:1.9.22) with ExternalDependencyInstrumentingArtifactTransform
Transforming kotlin-native-utils-1.9.22.jar (org.jetbrains.kotlin:kotlin-native-utils:1.9.22) with ExternalDependencyInstrumentingArtifactTransform
Transforming kotlin-util-klib-1.9.22.jar (org.jetbrains.kotlin:kotlin-util-klib:1.9.22) with ExternalDependencyInstrumentingArtifactTransform
Transforming kotlin-android-extensions-1.9.22.jar (org.jetbrains.kotlin:kotlin-android-extensions:1.9.22) with ExternalDependencyInstrumentingArtifactTransform
Transforming kotlin-build-tools-api-1.9.22.jar (org.jetbrains.kotlin:kotlin-build-tools-api:1.9.22) with ExternalDependencyInstrumentingArtifactTransform
Transforming kotlin-compiler-runner-1.9.22.jar (org.jetbrains.kotlin:kotlin-compiler-runner:1.9.22) with ExternalDependencyInstrumentingArtifactTransform
Transforming kotlin-compiler-embeddable-1.9.22.jar (org.jetbrains.kotlin:kotlin-compiler-embeddable:1.9.22) with ExternalDependencyInstrumentingArtifactTransform
Transforming kotlin-scripting-compiler-embeddable-1.9.22.jar (org.jetbrains.kotlin:kotlin-scripting-compiler-embeddable:1.9.22) with ExternalDependencyInstrumentingArtifactTransform
Transforming kotlin-scripting-compiler-impl-embeddable-1.9.22.jar (org.jetbrains.kotlin:kotlin-scripting-compiler-impl-embeddable:1.9.22) with ExternalDependencyInstrumentingArtifactTransform
Transforming jimfs-1.1.jar (com.google.jimfs:jimfs:1.1) with ExternalDependencyInstrumentingArtifactTransform
Transforming grpc-context-1.57.0.jar (io.grpc:grpc-context:1.57.0) with ExternalDependencyInstrumentingArtifactTransform
Transforming grpc-protobuf-lite-1.57.0.jar (io.grpc:grpc-protobuf-lite:1.57.0) with ExternalDependencyInstrumentingArtifactTransform
Transforming grpc-api-1.57.0.jar (io.grpc:grpc-api:1.57.0) with ExternalDependencyInstrumentingArtifactTransform
Transforming guava-32.0.1-jre.jar (com.google.guava:guava:32.0.1-jre) with ExternalDependencyInstrumentingArtifactTransform
Transforming dagger-2.28.3.jar (com.google.dagger:dagger:2.28.3) with ExternalDependencyInstrumentingArtifactTransform
Transforming javax.inject-1.jar (javax.inject:javax.inject:1) with ExternalDependencyInstrumentingArtifactTransform
Transforming trove4j-1.0.20200330.jar (org.jetbrains.intellij.deps:trove4j:1.0.20200330) with ExternalDependencyInstrumentingArtifactTransform
Transforming bcprov-jdk15on-1.67.jar (org.bouncycastle:bcprov-jdk15on:1.67) with ExternalDependencyInstrumentingArtifactTransform
Transforming commons-compress-1.21.jar (org.apache.commons:commons-compress:1.21) with ExternalDependencyInstrumentingArtifactTransform
Transforming httpclient-4.5.14.jar (org.apache.httpcomponents:httpclient:4.5.14) with ExternalDependencyInstrumentingArtifactTransform
Transforming httpcore-4.4.16.jar (org.apache.httpcomponents:httpcore:4.4.16) with ExternalDependencyInstrumentingArtifactTransform
Transforming javax.activation-1.2.0.jar (com.sun.activation:javax.activation:1.2.0) with ExternalDependencyInstrumentingArtifactTransform
Transforming signflinger-8.3.0.jar (com.android:signflinger:8.3.0) with ExternalDependencyInstrumentingArtifactTransform
Transforming zipflinger-8.3.0.jar (com.android:zipflinger:8.3.0) with ExternalDependencyInstrumentingArtifactTransform
Transforming annotations-31.3.0.jar (com.android.tools:annotations:31.3.0) with ExternalDependencyInstrumentingArtifactTransform
Transforming jna-platform-5.6.0.jar (net.java.dev.jna:jna-platform:5.6.0) with ExternalDependencyInstrumentingArtifactTransform
Transforming juniversalchardet-1.0.3.jar (com.googlecode.juniversalchardet:juniversalchardet:1.0.3) with ExternalDependencyInstrumentingArtifactTransform
Transforming javax.annotation-api-1.3.2.jar (javax.annotation:javax.annotation-api:1.3.2) with ExternalDependencyInstrumentingArtifactTransform
Transforming stax-ex-1.8.1.jar (org.jvnet.staxex:stax-ex:1.8.1) with ExternalDependencyInstrumentingArtifactTransform
Transforming jakarta.xml.bind-api-2.3.2.jar (jakarta.xml.bind:jakarta.xml.bind-api:2.3.2) with ExternalDependencyInstrumentingArtifactTransform
Transforming txw2-2.3.2.jar (org.glassfish.jaxb:txw2:2.3.2) with ExternalDependencyInstrumentingArtifactTransform
Transforming istack-commons-runtime-3.0.8.jar (com.sun.istack:istack-commons-runtime:3.0.8) with ExternalDependencyInstrumentingArtifactTransform
Transforming FastInfoset-1.2.16.jar (com.sun.xml.fastinfoset:FastInfoset:1.2.16) with ExternalDependencyInstrumentingArtifactTransform
Transforming jakarta.activation-api-1.2.1.jar (jakarta.activation:jakarta.activation-api:1.2.1) with ExternalDependencyInstrumentingArtifactTransform
Transforming auto-value-annotations-1.6.2.jar (com.google.auto.value:auto-value-annotations:1.6.2) with ExternalDependencyInstrumentingArtifactTransform
Transforming error_prone_annotations-2.18.0.jar (com.google.errorprone:error_prone_annotations:2.18.0) with ExternalDependencyInstrumentingArtifactTransform
Transforming jose4j-0.7.0.jar (org.bitbucket.b_c:jose4j:0.7.0) with ExternalDependencyInstrumentingArtifactTransform
Transforming slf4j-api-1.7.30.jar (org.slf4j:slf4j-api:1.7.30) with ExternalDependencyInstrumentingArtifactTransform
Transforming jdom2-2.0.6.jar (org.jdom:jdom2:2.0.6) with ExternalDependencyInstrumentingArtifactTransform
Transforming jsr305-3.0.2.jar (com.google.code.findbugs:jsr305:3.0.2) with ExternalDependencyInstrumentingArtifactTransform
Transforming j2objc-annotations-2.8.jar (com.google.j2objc:j2objc-annotations:2.8) with ExternalDependencyInstrumentingArtifactTransform
Transforming annotations-4.1.1.4.jar (com.google.android:annotations:4.1.1.4) with ExternalDependencyInstrumentingArtifactTransform
Transforming animal-sniffer-annotations-1.23.jar (org.codehaus.mojo:animal-sniffer-annotations:1.23) with ExternalDependencyInstrumentingArtifactTransform
Transforming netty-codec-http2-4.1.93.Final.jar (io.netty:netty-codec-http2:4.1.93.Final) with ExternalDependencyInstrumentingArtifactTransform
Transforming netty-handler-proxy-4.1.93.Final.jar (io.netty:netty-handler-proxy:4.1.93.Final) with ExternalDependencyInstrumentingArtifactTransform
Transforming netty-handler-4.1.93.Final.jar (io.netty:netty-handler:4.1.93.Final) with ExternalDependencyInstrumentingArtifactTransform
Transforming perfmark-api-0.26.0.jar (io.perfmark:perfmark-api:0.26.0) with ExternalDependencyInstrumentingArtifactTransform
Transforming netty-codec-http-4.1.93.Final.jar (io.netty:netty-codec-http:4.1.93.Final) with ExternalDependencyInstrumentingArtifactTransform
Transforming netty-transport-native-unix-common-4.1.93.Final.jar (io.netty:netty-transport-native-unix-common:4.1.93.Final) with ExternalDependencyInstrumentingArtifactTransform
Transforming checker-qual-3.33.0.jar (org.checkerframework:checker-qual:3.33.0) with ExternalDependencyInstrumentingArtifactTransform
Transforming commons-codec-1.11.jar (commons-codec:commons-codec:1.11) with ExternalDependencyInstrumentingArtifactTransform
Transforming apksig-8.3.0.jar (com.android.tools.build:apksig:8.3.0) with ExternalDependencyInstrumentingArtifactTransform
Transforming javawriter-2.5.0.jar (com.squareup:javawriter:2.5.0) with ExternalDependencyInstrumentingArtifactTransform
Transforming kotlin-gradle-plugin-annotations-1.9.22.jar (org.jetbrains.kotlin:kotlin-gradle-plugin-annotations:1.9.22) with ExternalDependencyInstrumentingArtifactTransform
Transforming kotlin-project-model-1.9.22.jar (org.jetbrains.kotlin:kotlin-project-model:1.9.22) with ExternalDependencyInstrumentingArtifactTransform
Transforming kotlin-tooling-core-1.9.22.jar (org.jetbrains.kotlin:kotlin-tooling-core:1.9.22) with ExternalDependencyInstrumentingArtifactTransform
Transforming kotlin-util-io-1.9.22.jar (org.jetbrains.kotlin:kotlin-util-io:1.9.22) with ExternalDependencyInstrumentingArtifactTransform
Transforming kotlin-daemon-embeddable-1.9.22.jar (org.jetbrains.kotlin:kotlin-daemon-embeddable:1.9.22) with ExternalDependencyInstrumentingArtifactTransform
Transforming kotlin-daemon-client-1.9.22.jar (org.jetbrains.kotlin:kotlin-daemon-client:1.9.22) with ExternalDependencyInstrumentingArtifactTransform
Transforming kotlinx-coroutines-core-jvm-1.5.0.jar (org.jetbrains.kotlinx:kotlinx-coroutines-core-jvm:1.5.0) with ExternalDependencyInstrumentingArtifactTransform
Transforming kotlin-scripting-jvm-1.9.22.jar (org.jetbrains.kotlin:kotlin-scripting-jvm:1.9.22) with ExternalDependencyInstrumentingArtifactTransform
Transforming kotlin-scripting-common-1.9.22.jar (org.jetbrains.kotlin:kotlin-scripting-common:1.9.22) with ExternalDependencyInstrumentingArtifactTransform
Transforming failureaccess-1.0.1.jar (com.google.guava:failureaccess:1.0.1) with ExternalDependencyInstrumentingArtifactTransform
Transforming listenablefuture-9999.0-empty-to-avoid-conflict-with-guava.jar (com.google.guava:listenablefuture:9999.0-empty-to-avoid-conflict-with-guava) with ExternalDependencyInstrumentingArtifactTransform
Transforming commons-logging-1.2.jar (commons-logging:commons-logging:1.2) with ExternalDependencyInstrumentingArtifactTransform
Transforming jna-5.6.0.jar (net.java.dev.jna:jna:5.6.0) with ExternalDependencyInstrumentingArtifactTransform
Transforming netty-codec-socks-4.1.93.Final.jar (io.netty:netty-codec-socks:4.1.93.Final) with ExternalDependencyInstrumentingArtifactTransform
Transforming netty-codec-4.1.93.Final.jar (io.netty:netty-codec:4.1.93.Final) with ExternalDependencyInstrumentingArtifactTransform
Transforming netty-transport-4.1.93.Final.jar (io.netty:netty-transport:4.1.93.Final) with ExternalDependencyInstrumentingArtifactTransform
Transforming netty-buffer-4.1.93.Final.jar (io.netty:netty-buffer:4.1.93.Final) with ExternalDependencyInstrumentingArtifactTransform
Transforming netty-resolver-4.1.93.Final.jar (io.netty:netty-resolver:4.1.93.Final) with ExternalDependencyInstrumentingArtifactTransform
Transforming netty-common-4.1.93.Final.jar (io.netty:netty-common:4.1.93.Final) with ExternalDependencyInstrumentingArtifactTransform

> Configure project :app
Evaluating project ':app' using build file '/home/runner/work/-/-/app/build.gradle.kts'.
Using default execution profile
Using Kotlin Gradle Plugin gradle82 variant
All projects evaluated.
Task name matched 'assembleDebug'
Selected primary task 'assembleDebug' from project :
Tasks to be executed: [task ':app:preBuild', task ':app:preDebugBuild', task ':app:mergeDebugNativeDebugMetadata', task ':app:checkKotlinGradlePluginConfigurationErrors', task ':app:checkDebugAarMetadata', task ':app:generateDebugResValues', task ':app:mapDebugSourceSetPaths', task ':app:generateDebugResources', task ':app:mergeDebugResources', task ':app:packageDebugResources', task ':app:parseDebugLocalResources', task ':app:createDebugCompatibleScreenManifests', task ':app:extractDeepLinksDebug', task ':app:processDebugMainManifest', task ':app:processDebugManifest', task ':app:processDebugManifestForPackage', task ':app:processDebugResources', task ':app:compileDebugKotlin', task ':app:javaPreCompileDebug', task ':app:compileDebugJavaWithJavac', task ':app:mergeDebugShaders', task ':app:compileDebugShaders', task ':app:generateDebugAssets', task ':app:mergeDebugAssets', task ':app:compressDebugAssets', task ':app:desugarDebugFileDependencies', task ':app:dexBuilderDebug', task ':app:mergeDebugGlobalSynthetics', task ':app:processDebugJavaRes', task ':app:mergeDebugJavaResource', task ':app:checkDebugDuplicateClasses', task ':app:mergeExtDexDebug', task ':app:mergeLibDexDebug', task ':app:mergeProjectDexDebug', task ':app:mergeDebugJniLibFolders', task ':app:mergeDebugNativeLibs', task ':app:stripDebugDebugSymbols', task ':app:validateSigningDebug', task ':app:writeDebugAppMetadata', task ':app:writeDebugSigningConfigVersions', task ':app:packageDebug', task ':app:createDebugApkListingFileRedirect', task ':app:assembleDebug']
Tasks that were excluded: []
Resolve mutations for :app:preBuild (Thread[Execution worker,5,main]) started.
:app:preBuild (Thread[Execution worker,5,main]) started.

> Task :app:preBuild UP-TO-DATE
Skipping task ':app:preBuild' as it has no actions.
Resolve mutations for :app:preDebugBuild (Thread[Execution worker,5,main]) started.
:app:preDebugBuild (Thread[Execution worker,5,main]) started.

> Task :app:preDebugBuild UP-TO-DATE
Skipping task ':app:preDebugBuild' as it has no actions.
Resolve mutations for :app:mergeDebugNativeDebugMetadata (Thread[Execution worker,5,main]) started.
:app:mergeDebugNativeDebugMetadata (Thread[Execution worker,5,main]) started.

> Task :app:mergeDebugNativeDebugMetadata NO-SOURCE
Skipping task ':app:mergeDebugNativeDebugMetadata' as it has no source files and no previous output files.
Resolve mutations for :app:checkKotlinGradlePluginConfigurationErrors (Thread[Execution worker,5,main]) started.
:app:checkKotlinGradlePluginConfigurationErrors (Thread[Execution worker Thread 3,5,main]) started.

> Task :app:checkKotlinGradlePluginConfigurationErrors
Caching disabled for task ':app:checkKotlinGradlePluginConfigurationErrors' because:
  Build cache is disabled
Task ':app:checkKotlinGradlePluginConfigurationErrors' is not up-to-date because:
  Task has not declared any outputs despite executing actions.
Resolve mutations for :app:checkDebugAarMetadata (Thread[Execution worker Thread 3,5,main]) started.
:app:checkDebugAarMetadata (Thread[Execution worker,5,main]) started.

> Task :app:checkDebugAarMetadata FAILED
gradle/actions: Writing build results to /home/runner/work/_temp/.gradle-actions/build-results/__run-1777363421782.json

FAILURE: Build failed with an exception.

* What went wrong:
Execution failed for task ':app:checkDebugAarMetadata'.
> Configuration `:app:debugRuntimeClasspath` contains AndroidX dependencies, but the `android.useAndroidX` property is not enabled, which may cause runtime issues.
  Set `android.useAndroidX=true` in the `gradle.properties` file and retry.
  The following AndroidX dependencies are detected:
  :app:debugRuntimeClasspath -> androidx.compose.ui:ui-tooling:1.6.1
  :app:debugRuntimeClasspath -> androidx.compose:compose-bom:2024.02.00 -> androidx.compose.ui:ui-tooling-android:1.6.1
  :app:debugRuntimeClasspath -> androidx.activity:activity-compose:1.8.2
  :app:debugRuntimeClasspath -> androidx.compose:compose-bom:2024.02.00 -> androidx.compose.ui:ui-android:1.6.1 -> androidx.activity:activity-ktx:1.8.2
  :app:debugRuntimeClasspath -> androidx.activity:activity-compose:1.8.2 -> androidx.activity:activity:1.8.2
  :app:debugRuntimeClasspath -> androidx.compose:compose-bom:2024.02.00 -> androidx.compose.material3:material3-android:1.2.0 -> androidx.annotation:annotation:1.7.0
  :app:debugRuntimeClasspath -> androidx.compose:compose-bom:2024.02.00 -> androidx.compose.material3:material3-android:1.2.0 -> androidx.annotation:annotation:1.7.0 -> androidx.annotation:annotation-jvm:1.7.0
  :app:debugRuntimeClasspath -> androidx.compose:compose-bom:2024.02.00 -> androidx.compose.material3:material3-android:1.2.0 -> androidx.collection:collection:1.4.0
  :app:debugRuntimeClasspath -> androidx.compose:compose-bom:2024.02.00 -> androidx.compose.material3:material3-android:1.2.0 -> androidx.collection:collection:1.4.0 -> androidx.collection:collection-jvm:1.4.0
  :app:debugRuntimeClasspath -> androidx.compose:compose-bom:2024.02.00 -> androidx.compose.ui:ui-unit-android:1.6.1 -> androidx.collection:collection-ktx:1.4.0
  :app:debugRuntimeClasspath -> androidx.compose:compose-bom:2024.02.00 -> androidx.compose.foundation:foundation-layout-android:1.6.1 -> androidx.core:core:1.12.0
  :app:debugRuntimeClasspath -> androidx.compose:compose-bom:2024.02.00 -> androidx.compose.material3:material3-android:1.2.0 -> androidx.annotation:annotation-experimental:1.4.0
  :app:debugRuntimeClasspath -> androidx.compose:compose-bom:2024.02.00 -> androidx.compose.foundation:foundation-layout-android:1.6.1 -> androidx.core:core:1.12.0 -> androidx.concurrent:concurrent-futures:1.1.0
  :app:debugRuntimeClasspath -> androidx.compose:compose-bom:2024.02.00 -> androidx.compose.foundation:foundation-layout-android:1.6.1 -> androidx.core:core:1.12.0 -> androidx.interpolator:interpolator:1.0.0
  :app:debugRuntimeClasspath -> androidx.compose:compose-bom:2024.02.00 -> androidx.compose.material3:material3-android:1.2.0 -> androidx.lifecycle:lifecycle-runtime:2.7.0
  :app:debugRuntimeClasspath -> androidx.compose:compose-bom:2024.02.00 -> androidx.compose.foundation:foundation-android:1.6.1 -> androidx.emoji2:emoji2:1.3.0 -> androidx.lifecycle:lifecycle-process:2.7.0 -> androidx.lifecycle:lifecycle-livedata-core:2.7.0 -> androidx.arch.core:core-common:2.2.0
  :app:debugRuntimeClasspath -> androidx.compose:compose-bom:2024.02.00 -> androidx.compose.foundation:foundation-android:1.6.1 -> androidx.emoji2:emoji2:1.3.0 -> androidx.lifecycle:lifecycle-process:2.7.0 -> androidx.lifecycle:lifecycle-livedata-core:2.7.0 -> androidx.arch.core:core-runtime:2.2.0
  :app:debugRuntimeClasspath -> androidx.compose:compose-bom:2024.02.00 -> androidx.compose.ui:ui-tooling-android:1.6.1 -> androidx.lifecycle:lifecycle-common:2.7.0
  :app:debugRuntimeClasspath -> androidx.lifecycle:lifecycle-runtime-ktx:2.7.0
  :app:debugRuntimeClasspath -> androidx.compose:compose-bom:2024.02.00 -> androidx.compose.material3:material3-android:1.2.0 -> androidx.lifecycle:lifecycle-viewmodel:2.7.0
  :app:debugRuntimeClasspath -> androidx.compose:compose-bom:2024.02.00 -> androidx.compose.ui:ui-android:1.6.1 -> androidx.activity:activity-ktx:1.8.2 -> androidx.lifecycle:lifecycle-viewmodel-ktx:2.7.0
  :app:debugRuntimeClasspath -> androidx.activity:activity-compose:1.8.2 -> androidx.activity:activity:1.8.2 -> androidx.lifecycle:lifecycle-viewmodel-savedstate:2.7.0
  :app:debugRuntimeClasspath -> androidx.core:core-ktx:1.12.0
  :app:debugRuntimeClasspath -> androidx.compose:compose-bom:2024.02.00 -> androidx.compose.foundation:foundation-android:1.6.1 -> androidx.emoji2:emoji2:1.3.0 -> androidx.lifecycle:lifecycle-process:2.7.0 -> androidx.lifecycle:lifecycle-livedata-core:2.7.0
  :app:debugRuntimeClasspath -> androidx.compose:compose-bom:2024.02.00 -> androidx.compose.material3:material3-android:1.2.0 -> androidx.lifecycle:lifecycle-common-java8:2.7.0
  :app:debugRuntimeClasspath -> androidx.compose:compose-bom:2024.02.00 -> androidx.compose.foundation:foundation-android:1.6.1 -> androidx.emoji2:emoji2:1.3.0 -> androidx.lifecycle:lifecycle-process:2.7.0
  :app:debugRuntimeClasspath -> androidx.compose:compose-bom:2024.02.00 -> androidx.compose.foundation:foundation-android:1.6.1 -> androidx.emoji2:emoji2:1.3.0 -> androidx.startup:startup-runtime:1.1.1
  :app:debugRuntimeClasspath -> androidx.activity:activity-compose:1.8.2 -> androidx.activity:activity:1.8.2 -> androidx.tracing:tracing:1.0.0
  :app:debugRuntimeClasspath -> androidx.compose:compose-bom:2024.02.00 -> androidx.compose.material:material-android:1.6.1 -> androidx.savedstate:savedstate:1.2.1
  :app:debugRuntimeClasspath -> androidx.compose:compose-bom:2024.02.00 -> androidx.compose.material3:material3-android:1.2.0 -> androidx.savedstate:savedstate-ktx:1.2.1
  :app:debugRuntimeClasspath -> androidx.compose:compose-bom:2024.02.00 -> androidx.compose.ui:ui-android:1.6.1 -> androidx.profileinstaller:profileinstaller:1.3.0
  :app:debugRuntimeClasspath -> androidx.compose:compose-bom:2024.02.00 -> androidx.compose.foundation:foundation-layout-android:1.6.1 -> androidx.core:core:1.12.0 -> androidx.versionedparcelable:versionedparcelable:1.1.1
  :app:debugRuntimeClasspath -> androidx.compose:compose-bom:2024.02.00 -> androidx.compose.runtime:runtime:1.6.1
  :app:debugRuntimeClasspath -> androidx.compose:compose-bom:2024.02.00 -> androidx.compose.runtime:runtime-android:1.6.1
  :app:debugRuntimeClasspath -> androidx.compose:compose-bom:2024.02.00 -> androidx.compose.runtime:runtime-saveable:1.6.1
  :app:debugRuntimeClasspath -> androidx.compose:compose-bom:2024.02.00 -> androidx.compose.runtime:runtime-saveable-android:1.6.1
  :app:debugRuntimeClasspath -> androidx.compose.ui:ui:1.6.1
  :app:debugRuntimeClasspath -> androidx.compose:compose-bom:2024.02.00 -> androidx.compose.ui:ui-android:1.6.1
  :app:debugRuntimeClasspath -> androidx.compose:compose-bom:2024.02.00 -> androidx.compose.ui:ui-android:1.6.1 -> androidx.autofill:autofill:1.0.0
  :app:debugRuntimeClasspath -> androidx.compose:compose-bom:2024.02.00 -> androidx.compose.ui:ui-geometry:1.6.1
  :app:debugRuntimeClasspath -> androidx.compose:compose-bom:2024.02.00 -> androidx.compose.ui:ui-geometry-android:1.6.1
  :app:debugRuntimeClasspath -> androidx.compose:compose-bom:2024.02.00 -> androidx.compose.ui:ui-util:1.6.1
  :app:debugRuntimeClasspath -> androidx.compose:compose-bom:2024.02.00 -> androidx.compose.ui:ui-util-android:1.6.1
  :app:debugRuntimeClasspath -> androidx.compose.ui:ui-graphics:1.6.1
  :app:debugRuntimeClasspath -> androidx.compose:compose-bom:2024.02.00 -> androidx.compose.ui:ui-graphics-android:1.6.1
  :app:debugRuntimeClasspath -> androidx.compose:compose-bom:2024.02.00 -> androidx.compose.ui:ui-unit:1.6.1
  :app:debugRuntimeClasspath -> androidx.compose:compose-bom:2024.02.00 -> androidx.compose.ui:ui-unit-android:1.6.1
  :app:debugRuntimeClasspath -> androidx.compose:compose-bom:2024.02.00 -> androidx.compose.ui:ui-text:1.6.1
  :app:debugRuntimeClasspath -> androidx.compose:compose-bom:2024.02.00 -> androidx.compose.ui:ui-text-android:1.6.1
  :app:debugRuntimeClasspath -> androidx.compose:compose-bom:2024.02.00 -> androidx.compose.foundation:foundation-android:1.6.1 -> androidx.emoji2:emoji2:1.3.0
  :app:debugRuntimeClasspath -> androidx.compose:compose-bom:2024.02.00 -> androidx.compose.ui:ui-tooling-data:1.6.1
  :app:debugRuntimeClasspath -> androidx.compose:compose-bom:2024.02.00 -> androidx.compose.ui:ui-tooling-data-android:1.6.1
  :app:debugRuntimeClasspath -> androidx.compose.ui:ui-tooling-preview:1.6.1
  :app:debugRuntimeClasspath -> androidx.compose:compose-bom:2024.02.00 -> androidx.compose.ui:ui-tooling-preview-android:1.6.1
  :app:debugRuntimeClasspath -> androidx.compose:compose-bom:2024.02.00 -> androidx.compose.ui:ui-android:1.6.1 -> androidx.customview:customview-poolingcontainer:1.0.0
  :app:debugRuntimeClasspath -> androidx.compose:compose-bom:2024.02.00 -> androidx.compose.foundation:foundation:1.6.1
  :app:debugRuntimeClasspath -> androidx.compose:compose-bom:2024.02.00 -> androidx.compose.foundation:foundation-android:1.6.1
  :app:debugRuntimeClasspath -> androidx.compose:compose-bom:2024.02.00 -> androidx.compose.animation:animation:1.6.1
  :app:debugRuntimeClasspath -> androidx.compose:compose-bom:2024.02.00 -> androidx.compose.animation:animation-android:1.6.1
  :app:debugRuntimeClasspath -> androidx.compose:compose-bom:2024.02.00 -> androidx.compose.animation:animation-core:1.6.1
  :app:debugRuntimeClasspath -> androidx.compose:compose-bom:2024.02.00 -> androidx.compose.animation:animation-core-android:1.6.1
  :app:debugRuntimeClasspath -> androidx.compose:compose-bom:2024.02.00 -> androidx.compose.foundation:foundation-layout:1.6.1
  :app:debugRuntimeClasspath -> androidx.compose:compose-bom:2024.02.00 -> androidx.compose.foundation:foundation-layout-android:1.6.1
  :app:debugRuntimeClasspath -> androidx.compose:compose-bom:2024.02.00 -> androidx.compose.material:material:1.6.1
  :app:debugRuntimeClasspath -> androidx.compose:compose-bom:2024.02.00 -> androidx.compose.material:material-android:1.6.1
  :app:debugRuntimeClasspath -> androidx.compose:compose-bom:2024.02.00 -> androidx.compose.material:material-icons-core:1.6.1
  :app:debugRuntimeClasspath -> androidx.compose:compose-bom:2024.02.00 -> androidx.compose.material:material-icons-core-android:1.6.1
  :app:debugRuntimeClasspath -> androidx.compose:compose-bom:2024.02.00 -> androidx.compose.material:material-ripple:1.6.1
  :app:debugRuntimeClasspath -> androidx.compose:compose-bom:2024.02.00 -> androidx.compose.material:material-ripple-android:1.6.1
  :app:debugRuntimeClasspath -> androidx.compose:compose-bom:2024.02.00
  :app:debugRuntimeClasspath -> androidx.compose.material3:material3:1.2.0
  :app:debugRuntimeClasspath -> androidx.compose:compose-bom:2024.02.00 -> androidx.compose.material3:material3-android:1.2.0

* Try:
> Run with --debug option to get more log output.
> Run with --scan to get full insights.
> Get more help at https://help.gradle.org.

* Exception is:
org.gradle.api.tasks.TaskExecutionException: Execution failed for task ':app:checkDebugAarMetadata'.
	at org.gradle.api.internal.tasks.execution.CatchExceptionTaskExecuter.execute(CatchExceptionTaskExecuter.java:38)
	at org.gradle.api.internal.tasks.execution.EventFiringTaskExecuter$1.executeTask(EventFiringTaskExecuter.java:77)
	at org.gradle.api.internal.tasks.execution.EventFiringTaskExecuter$1.call(EventFiringTaskExecuter.java:55)
	at org.gradle.api.internal.tasks.execution.EventFiringTaskExecuter$1.call(EventFiringTaskExecuter.java:52)
	at org.gradle.internal.operations.DefaultBuildOperationRunner$CallableBuildOperationWorker.execute(DefaultBuildOperationRunner.java:204)
	at org.gradle.internal.operations.DefaultBuildOperationRunner$CallableBuildOperationWorker.execute(DefaultBuildOperationRunner.java:199)
	at org.gradle.internal.operations.DefaultBuildOperationRunner$2.execute(DefaultBuildOperationRunner.java:66)
	at org.gradle.internal.operations.DefaultBuildOperationRunner$2.execute(DefaultBuildOperationRunner.java:59)
	at org.gradle.internal.operations.DefaultBuildOperationRunner.execute(DefaultBuildOperationRunner.java:157)
	at org.gradle.internal.operations.DefaultBuildOperationRunner.execute(DefaultBuildOperationRunner.java:59)
	at org.gradle.internal.operations.DefaultBuildOperationRunner.call(DefaultBuildOperationRunner.java:53)
	at org.gradle.internal.operations.DefaultBuildOperationExecutor.call(DefaultBuildOperationExecutor.java:73)
	at org.gradle.api.internal.tasks.execution.EventFiringTaskExecuter.execute(EventFiringTaskExecuter.java:52)
	at org.gradle.execution.plan.LocalTaskNodeExecutor.execute(LocalTaskNodeExecutor.java:42)
	at org.gradle.execution.taskgraph.DefaultTaskExecutionGraph$InvokeNodeExecutorsAction.execute(DefaultTaskExecutionGraph.java:331)
	at org.gradle.execution.taskgraph.DefaultTaskExecutionGraph$InvokeNodeExecutorsAction.execute(DefaultTaskExecutionGraph.java:318)
	at org.gradle.execution.taskgraph.DefaultTaskExecutionGraph$BuildOperationAwareExecutionAction.lambda$execute$0(DefaultTaskExecutionGraph.java:314)
	at org.gradle.internal.operations.CurrentBuildOperationRef.with(CurrentBuildOperationRef.java:80)
	at org.gradle.execution.taskgraph.DefaultTaskExecutionGraph$BuildOperationAwareExecutionAction.execute(DefaultTaskExecutionGraph.java:314)
	at org.gradle.execution.taskgraph.DefaultTaskExecutionGraph$BuildOperationAwareExecutionAction.execute(DefaultTaskExecutionGraph.java:303)
	at org.gradle.execution.plan.DefaultPlanExecutor$ExecutorWorker.execute(DefaultPlanExecutor.java:463)
	at org.gradle.execution.plan.DefaultPlanExecutor$ExecutorWorker.run(DefaultPlanExecutor.java:380)
	at org.gradle.internal.concurrent.ExecutorPolicy$CatchAndRecordFailures.onExecute(ExecutorPolicy.java:64)
	at org.gradle.internal.concurrent.AbstractManagedExecutor$1.run(AbstractManagedExecutor.java:47)
Caused by: com.android.builder.errors.EvalIssueException: Configuration `:app:debugRuntimeClasspath` contains AndroidX dependencies, but the `android.useAndroidX` property is not enabled, which may cause runtime issues.
Set `android.useAndroidX=true` in the `gradle.properties` file and retry.
The following AndroidX dependencies are detected:
:app:debugRuntimeClasspath -> androidx.compose.ui:ui-tooling:1.6.1
:app:debugRuntimeClasspath -> androidx.compose:compose-bom:2024.02.00 -> androidx.compose.ui:ui-tooling-android:1.6.1
:app:debugRuntimeClasspath -> androidx.activity:activity-compose:1.8.2
:app:debugRuntimeClasspath -> androidx.compose:compose-bom:2024.02.00 -> androidx.compose.ui:ui-android:1.6.1 -> androidx.activity:activity-ktx:1.8.2
:app:debugRuntimeClasspath -> androidx.activity:activity-compose:1.8.2 -> androidx.activity:activity:1.8.2
:app:debugRuntimeClasspath -> androidx.compose:compose-bom:2024.02.00 -> androidx.compose.material3:material3-android:1.2.0 -> androidx.annotation:annotation:1.7.0
:app:debugRuntimeClasspath -> androidx.compose:compose-bom:2024.02.00 -> androidx.compose.material3:material3-android:1.2.0 -> androidx.annotation:annotation:1.7.0 -> androidx.annotation:annotation-jvm:1.7.0
:app:debugRuntimeClasspath -> androidx.compose:compose-bom:2024.02.00 -> androidx.compose.material3:material3-android:1.2.0 -> androidx.collection:collection:1.4.0
:app:debugRuntimeClasspath -> androidx.compose:compose-bom:2024.02.00 -> androidx.compose.material3:material3-android:1.2.0 -> androidx.collection:collection:1.4.0 -> androidx.collection:collection-jvm:1.4.0
:app:debugRuntimeClasspath -> androidx.compose:compose-bom:2024.02.00 -> androidx.compose.ui:ui-unit-android:1.6.1 -> androidx.collection:collection-ktx:1.4.0
:app:debugRuntimeClasspath -> androidx.compose:compose-bom:2024.02.00 -> androidx.compose.foundation:foundation-layout-android:1.6.1 -> androidx.core:core:1.12.0
:app:debugRuntimeClasspath -> androidx.compose:compose-bom:2024.02.00 -> androidx.compose.material3:material3-android:1.2.0 -> androidx.annotation:annotation-experimental:1.4.0
:app:debugRuntimeClasspath -> androidx.compose:compose-bom:2024.02.00 -> androidx.compose.foundation:foundation-layout-android:1.6.1 -> androidx.core:core:1.12.0 -> androidx.concurrent:concurrent-futures:1.1.0
:app:debugRuntimeClasspath -> androidx.compose:compose-bom:2024.02.00 -> androidx.compose.foundation:foundation-layout-android:1.6.1 -> androidx.core:core:1.12.0 -> androidx.interpolator:interpolator:1.0.0
:app:debugRuntimeClasspath -> androidx.compose:compose-bom:2024.02.00 -> androidx.compose.material3:material3-android:1.2.0 -> androidx.lifecycle:lifecycle-runtime:2.7.0
:app:debugRuntimeClasspath -> androidx.compose:compose-bom:2024.02.00 -> androidx.compose.foundation:foundation-android:1.6.1 -> androidx.emoji2:emoji2:1.3.0 -> androidx.lifecycle:lifecycle-process:2.7.0 -> androidx.lifecycle:lifecycle-livedata-core:2.7.0 -> androidx.arch.core:core-common:2.2.0
:app:debugRuntimeClasspath -> androidx.compose:compose-bom:2024.02.00 -> androidx.compose.foundation:foundation-android:1.6.1 -> androidx.emoji2:emoji2:1.3.0 -> androidx.lifecycle:lifecycle-process:2.7.0 -> androidx.lifecycle:lifecycle-livedata-core:2.7.0 -> androidx.arch.core:core-runtime:2.2.0
:app:debugRuntimeClasspath -> androidx.compose:compose-bom:2024.02.00 -> androidx.compose.ui:ui-tooling-android:1.6.1 -> androidx.lifecycle:lifecycle-common:2.7.0
:app:debugRuntimeClasspath -> androidx.lifecycle:lifecycle-runtime-ktx:2.7.0
:app:debugRuntimeClasspath -> androidx.compose:compose-bom:2024.02.00 -> androidx.compose.material3:material3-android:1.2.0 -> androidx.lifecycle:lifecycle-viewmodel:2.7.0
:app:debugRuntimeClasspath -> androidx.compose:compose-bom:2024.02.00 -> androidx.compose.ui:ui-android:1.6.1 -> androidx.activity:activity-ktx:1.8.2 -> androidx.lifecycle:lifecycle-viewmodel-ktx:2.7.0
:app:debugRuntimeClasspath -> androidx.activity:activity-compose:1.8.2 -> androidx.activity:activity:1.8.2 -> androidx.lifecycle:lifecycle-viewmodel-savedstate:2.7.0
:app:debugRuntimeClasspath -> androidx.core:core-ktx:1.12.0
:app:debugRuntimeClasspath -> androidx.compose:compose-bom:2024.02.00 -> androidx.compose.foundation:foundation-android:1.6.1 -> androidx.emoji2:emoji2:1.3.0 -> androidx.lifecycle:lifecycle-process:2.7.0 -> androidx.lifecycle:lifecycle-livedata-core:2.7.0
:app:debugRuntimeClasspath -> androidx.compose:compose-bom:2024.02.00 -> androidx.compose.material3:material3-android:1.2.0 -> androidx.lifecycle:lifecycle-common-java8:2.7.0
:app:debugRuntimeClasspath -> androidx.compose:compose-bom:2024.02.00 -> androidx.compose.foundation:foundation-android:1.6.1 -> androidx.emoji2:emoji2:1.3.0 -> androidx.lifecycle:lifecycle-process:2.7.0
:app:debugRuntimeClasspath -> androidx.compose:compose-bom:2024.02.00 -> androidx.compose.foundation:foundation-android:1.6.1 -> androidx.emoji2:emoji2:1.3.0 -> androidx.startup:startup-runtime:1.1.1
:app:debugRuntimeClasspath -> androidx.activity:activity-compose:1.8.2 -> androidx.activity:activity:1.8.2 -> androidx.tracing:tracing:1.0.0
:app:debugRuntimeClasspath -> androidx.compose:compose-bom:2024.02.00 -> androidx.compose.material:material-android:1.6.1 -> androidx.savedstate:savedstate:1.2.1
:app:debugRuntimeClasspath -> androidx.compose:compose-bom:2024.02.00 -> androidx.compose.material3:material3-android:1.2.0 -> androidx.savedstate:savedstate-ktx:1.2.1
:app:debugRuntimeClasspath -> androidx.compose:compose-bom:2024.02.00 -> androidx.compose.ui:ui-android:1.6.1 -> androidx.profileinstaller:profileinstaller:1.3.0
:app:debugRuntimeClasspath -> androidx.compose:compose-bom:2024.02.00 -> androidx.compose.foundation:foundation-layout-android:1.6.1 -> androidx.core:core:1.12.0 -> androidx.versionedparcelable:versionedparcelable:1.1.1
:app:debugRuntimeClasspath -> androidx.compose:compose-bom:2024.02.00 -> androidx.compose.runtime:runtime:1.6.1
:app:debugRuntimeClasspath -> androidx.compose:compose-bom:2024.02.00 -> androidx.compose.runtime:runtime-android:1.6.1
:app:debugRuntimeClasspath -> androidx.compose:compose-bom:2024.02.00 -> androidx.compose.runtime:runtime-saveable:1.6.1
:app:debugRuntimeClasspath -> androidx.compose:compose-bom:2024.02.00 -> androidx.compose.runtime:runtime-saveable-android:1.6.1
:app:debugRuntimeClasspath -> androidx.compose.ui:ui:1.6.1
:app:debugRuntimeClasspath -> androidx.compose:compose-bom:2024.02.00 -> androidx.compose.ui:ui-android:1.6.1
:app:debugRuntimeClasspath -> androidx.compose:compose-bom:2024.02.00 -> androidx.compose.ui:ui-android:1.6.1 -> androidx.autofill:autofill:1.0.0
:app:debugRuntimeClasspath -> androidx.compose:compose-bom:2024.02.00 -> androidx.compose.ui:ui-geometry:1.6.1
:app:debugRuntimeClasspath -> androidx.compose:compose-bom:2024.02.00 -> androidx.compose.ui:ui-geometry-android:1.6.1
:app:debugRuntimeClasspath -> androidx.compose:compose-bom:2024.02.00 -> androidx.compose.ui:ui-util:1.6.1
:app:debugRuntimeClasspath -> androidx.compose:compose-bom:2024.02.00 -> androidx.compose.ui:ui-util-android:1.6.1
:app:debugRuntimeClasspath -> androidx.compose.ui:ui-graphics:1.6.1
:app:debugRuntimeClasspath -> androidx.compose:compose-bom:2024.02.00 -> androidx.compose.ui:ui-graphics-android:1.6.1
:app:debugRuntimeClasspath -> androidx.compose:compose-bom:2024.02.00 -> androidx.compose.ui:ui-unit:1.6.1
:app:debugRuntimeClasspath -> androidx.compose:compose-bom:2024.02.00 -> androidx.compose.ui:ui-unit-android:1.6.1
:app:debugRuntimeClasspath -> androidx.compose:compose-bom:2024.02.00 -> androidx.compose.ui:ui-text:1.6.1
:app:debugRuntimeClasspath -> androidx.compose:compose-bom:2024.02.00 -> androidx.compose.ui:ui-text-android:1.6.1
:app:debugRuntimeClasspath -> androidx.compose:compose-bom:2024.02.00 -> androidx.compose.foundation:foundation-android:1.6.1 -> androidx.emoji2:emoji2:1.3.0
:app:debugRuntimeClasspath -> androidx.compose:compose-bom:2024.02.00 -> androidx.compose.ui:ui-tooling-data:1.6.1
:app:debugRuntimeClasspath -> androidx.compose:compose-bom:2024.02.00 -> androidx.compose.ui:ui-tooling-data-android:1.6.1
:app:debugRuntimeClasspath -> androidx.compose.ui:ui-tooling-preview:1.6.1
:app:debugRuntimeClasspath -> androidx.compose:compose-bom:2024.02.00 -> androidx.compose.ui:ui-tooling-preview-android:1.6.1
:app:debugRuntimeClasspath -> androidx.compose:compose-bom:2024.02.00 -> androidx.compose.ui:ui-android:1.6.1 -> androidx.customview:customview-poolingcontainer:1.0.0
:app:debugRuntimeClasspath -> androidx.compose:compose-bom:2024.02.00 -> androidx.compose.foundation:foundation:1.6.1
:app:debugRuntimeClasspath -> androidx.compose:compose-bom:2024.02.00 -> androidx.compose.foundation:foundation-android:1.6.1
:app:debugRuntimeClasspath -> androidx.compose:compose-bom:2024.02.00 -> androidx.compose.animation:animation:1.6.1
:app:debugRuntimeClasspath -> androidx.compose:compose-bom:2024.02.00 -> androidx.compose.animation:animation-android:1.6.1
:app:debugRuntimeClasspath -> androidx.compose:compose-bom:2024.02.00 -> androidx.compose.animation:animation-core:1.6.1
:app:debugRuntimeClasspath -> androidx.compose:compose-bom:2024.02.00 -> androidx.compose.animation:animation-core-android:1.6.1
:app:debugRuntimeClasspath -> androidx.compose:compose-bom:2024.02.00 -> androidx.compose.foundation:foundation-layout:1.6.1
:app:debugRuntimeClasspath -> androidx.compose:compose-bom:2024.02.00 -> androidx.compose.foundation:foundation-layout-android:1.6.1
:app:debugRuntimeClasspath -> androidx.compose:compose-bom:2024.02.00 -> androidx.compose.material:material:1.6.1
:app:debugRuntimeClasspath -> androidx.compose:compose-bom:2024.02.00 -> androidx.compose.material:material-android:1.6.1
:app:debugRuntimeClasspath -> androidx.compose:compose-bom:2024.02.00 -> androidx.compose.material:material-icons-core:1.6.1
:app:debugRuntimeClasspath -> androidx.compose:compose-bom:2024.02.00 -> androidx.compose.material:material-icons-core-android:1.6.1
:app:debugRuntimeClasspath -> androidx.compose:compose-bom:2024.02.00 -> androidx.compose.material:material-ripple:1.6.1
:app:debugRuntimeClasspath -> androidx.compose:compose-bom:2024.02.00 -> androidx.compose.material:material-ripple-android:1.6.1
:app:debugRuntimeClasspath -> androidx.compose:compose-bom:2024.02.00
:app:debugRuntimeClasspath -> androidx.compose.material3:material3:1.2.0
:app:debugRuntimeClasspath -> androidx.compose:compose-bom:2024.02.00 -> androidx.compose.material3:material3-android:1.2.0
	at com.android.builder.errors.IssueReporter.reportError(IssueReporter.kt:114)
	at com.android.builder.errors.IssueReporter.reportError$default(IssueReporter.kt:110)
	at com.android.build.gradle.internal.dependency.AndroidXDependencyCheck$AndroidXDisabledJetifierDisabled.execute(AndroidXDependencyCheck.kt:72)
	at com.android.build.gradle.internal.dependency.AndroidXDependencyCheck$AndroidXDisabledJetifierDisabled.execute(AndroidXDependencyCheck.kt:40)
	at org.gradle.internal.code.DefaultUserCodeApplicationContext$CurrentApplication$1.execute(DefaultUserCodeApplicationContext.java:122)
	at org.gradle.internal.event.BroadcastDispatch$ActionInvocationHandler.dispatch(BroadcastDispatch.java:99)
	at org.gradle.internal.event.BroadcastDispatch$ActionInvocationHandler.dispatch(BroadcastDispatch.java:87)
	at org.gradle.internal.event.AbstractBroadcastDispatch.dispatch(AbstractBroadcastDispatch.java:43)
	at org.gradle.internal.event.BroadcastDispatch$SingletonDispatch.dispatch(BroadcastDispatch.java:268)
	at org.gradle.internal.event.BroadcastDispatch$SingletonDispatch.dispatch(BroadcastDispatch.java:170)
	at org.gradle.internal.event.AbstractBroadcastDispatch.dispatch(AbstractBroadcastDispatch.java:83)
	at org.gradle.internal.event.AbstractBroadcastDispatch.dispatch(AbstractBroadcastDispatch.java:69)
	at org.gradle.internal.event.BroadcastDispatch$CompositeDispatch.dispatch(BroadcastDispatch.java:381)
	at org.gradle.internal.event.BroadcastDispatch$CompositeDispatch.dispatch(BroadcastDispatch.java:272)
	at org.gradle.internal.event.ListenerBroadcast.dispatch(ListenerBroadcast.java:148)
	at org.gradle.internal.event.ListenerBroadcast.dispatch(ListenerBroadcast.java:37)
	at org.gradle.internal.dispatch.ProxyDispatchAdapter$DispatchingInvocationHandler.invoke(ProxyDispatchAdapter.java:94)
	at jdk.proxy1/jdk.proxy1.$Proxy57.afterResolve(Unknown Source)
	at org.gradle.api.internal.artifacts.configurations.DefaultConfiguration$1.call(DefaultConfiguration.java:726)
	at org.gradle.api.internal.artifacts.configurations.DefaultConfiguration$1.call(DefaultConfiguration.java:703)
	at org.gradle.internal.operations.DefaultBuildOperationRunner$CallableBuildOperationWorker.execute(DefaultBuildOperationRunner.java:204)
	at org.gradle.internal.operations.DefaultBuildOperationRunner$CallableBuildOperationWorker.execute(DefaultBuildOperationRunner.java:199)
	at org.gradle.internal.operations.DefaultBuildOperationRunner$2.execute(DefaultBuildOperationRunner.java:66)
	at org.gradle.internal.operations.DefaultBuildOperationRunner$2.execute(DefaultBuildOperationRunner.java:59)
	at org.gradle.internal.operations.DefaultBuildOperationRunner.execute(DefaultBuildOperationRunner.java:157)
	at org.gradle.internal.operations.DefaultBuildOperationRunner.execute(DefaultBuildOperationRunner.java:59)
	at org.gradle.internal.operations.DefaultBuildOperationRunner.call(DefaultBuildOperationRunner.java:53)
	at org.gradle.internal.operations.DefaultBuildOperationExecutor.call(DefaultBuildOperationExecutor.java:73)
	at org.gradle.api.internal.artifacts.configurations.DefaultConfiguration.resolveGraphInBuildOperation(DefaultConfiguration.java:703)
	at org.gradle.api.internal.artifacts.configurations.DefaultConfiguration.lambda$resolveExclusivelyIfRequired$3(DefaultConfiguration.java:695)
	at org.gradle.api.internal.project.DefaultProjectStateRegistry$CalculatedModelValueImpl.update(DefaultProjectStateRegistry.java:505)
	at org.gradle.api.internal.artifacts.configurations.DefaultConfiguration.resolveExclusivelyIfRequired(DefaultConfiguration.java:687)
	at org.gradle.api.internal.artifacts.configurations.DefaultConfiguration.resolveGraphIfRequired(DefaultConfiguration.java:680)
	at org.gradle.api.internal.artifacts.configurations.DefaultConfiguration.access$1800(DefaultConfiguration.java:167)
	at org.gradle.api.internal.artifacts.configurations.DefaultConfiguration$VisitedArtifactsSetProvider.getValue(DefaultConfiguration.java:1633)
	at org.gradle.api.internal.artifacts.configurations.DefaultConfiguration$VisitedArtifactsSetProvider.getValue(DefaultConfiguration.java:1624)
	at org.gradle.api.internal.artifacts.configurations.DefaultConfiguration$SelectedArtifactsProvider.getValue(DefaultConfiguration.java:1670)
	at org.gradle.api.internal.artifacts.configurations.DefaultConfiguration$SelectedArtifactsProvider.getValue(DefaultConfiguration.java:1637)
	at org.gradle.api.internal.artifacts.configurations.ResolutionBackedFileCollection.getSelectedArtifacts(ResolutionBackedFileCollection.java:95)
	at org.gradle.api.internal.artifacts.configurations.ResolutionBackedFileCollection.visitContents(ResolutionBackedFileCollection.java:73)
	at org.gradle.api.internal.file.AbstractFileCollection.visitStructure(AbstractFileCollection.java:361)
	at org.gradle.api.internal.file.CompositeFileCollection.lambda$visitContents$0(CompositeFileCollection.java:113)
	at org.gradle.api.internal.file.collections.UnpackingVisitor.add(UnpackingVisitor.java:67)
	at org.gradle.api.internal.file.collections.UnpackingVisitor.add(UnpackingVisitor.java:92)
	at org.gradle.api.internal.file.DefaultFileCollectionFactory$ResolvingFileCollection.visitChildren(DefaultFileCollectionFactory.java:285)
	at org.gradle.api.internal.file.CompositeFileCollection.visitContents(CompositeFileCollection.java:113)
	at org.gradle.api.internal.file.AbstractFileCollection.visitStructure(AbstractFileCollection.java:361)
	at org.gradle.api.internal.file.CompositeFileCollection.lambda$visitContents$0(CompositeFileCollection.java:113)
	at org.gradle.api.internal.tasks.PropertyFileCollection.visitChildren(PropertyFileCollection.java:48)
	at org.gradle.api.internal.file.CompositeFileCollection.visitContents(CompositeFileCollection.java:113)
	at org.gradle.api.internal.file.AbstractFileCollection.visitStructure(AbstractFileCollection.java:361)
	at org.gradle.internal.fingerprint.impl.DefaultFileCollectionSnapshotter.snapshot(DefaultFileCollectionSnapshotter.java:47)
	at org.gradle.internal.execution.impl.DefaultInputFingerprinter$InputCollectingVisitor.visitInputFileProperty(DefaultInputFingerprinter.java:133)
	at org.gradle.api.internal.tasks.execution.TaskExecution.visitRegularInputs(TaskExecution.java:327)
	at org.gradle.internal.execution.impl.DefaultInputFingerprinter.fingerprintInputProperties(DefaultInputFingerprinter.java:63)
	at org.gradle.internal.execution.steps.AbstractCaptureStateBeforeExecutionStep.captureExecutionStateWithOutputs(AbstractCaptureStateBeforeExecutionStep.java:109)
	at org.gradle.internal.execution.steps.AbstractCaptureStateBeforeExecutionStep.lambda$captureExecutionState$0(AbstractCaptureStateBeforeExecutionStep.java:74)
	at org.gradle.internal.execution.steps.BuildOperationStep$1.call(BuildOperationStep.java:37)
	at org.gradle.internal.operations.DefaultBuildOperationRunner$CallableBuildOperationWorker.execute(DefaultBuildOperationRunner.java:204)
	at org.gradle.internal.operations.DefaultBuildOperationRunner$CallableBuildOperationWorker.execute(DefaultBuildOperationRunner.java:199)
	at org.gradle.internal.operations.DefaultBuildOperationRunner$2.execute(DefaultBuildOperationRunner.java:66)
	at org.gradle.internal.operations.DefaultBuildOperationRunner$2.execute(DefaultBuildOperationRunner.java:59)
	at org.gradle.internal.operations.DefaultBuildOperationRunner.execute(DefaultBuildOperationRunner.java:157)
	at org.gradle.internal.operations.DefaultBuildOperationRunner.execute(DefaultBuildOperationRunner.java:59)
	at org.gradle.internal.operations.DefaultBuildOperationRunner.call(DefaultBuildOperationRunner.java:53)
	at org.gradle.internal.operations.DefaultBuildOperationExecutor.call(DefaultBuildOperationExecutor.java:73)
	at org.gradle.internal.execution.steps.BuildOperationStep.operation(BuildOperationStep.java:34)
	at org.gradle.internal.execution.steps.AbstractCaptureStateBeforeExecutionStep.captureExecutionState(AbstractCaptureStateBeforeExecutionStep.java:69)
	at org.gradle.internal.execution.steps.AbstractCaptureStateBeforeExecutionStep.execute(AbstractCaptureStateBeforeExecutionStep.java:62)
	at org.gradle.internal.execution.steps.AbstractCaptureStateBeforeExecutionStep.execute(AbstractCaptureStateBeforeExecutionStep.java:43)
	at org.gradle.internal.execution.steps.AbstractSkipEmptyWorkStep.executeWithNonEmptySources(AbstractSkipEmptyWorkStep.java:125)
	at org.gradle.internal.execution.steps.AbstractSkipEmptyWorkStep.execute(AbstractSkipEmptyWorkStep.java:56)
	at org.gradle.internal.execution.steps.AbstractSkipEmptyWorkStep.execute(AbstractSkipEmptyWorkStep.java:36)
	at org.gradle.internal.execution.steps.legacy.MarkSnapshottingInputsStartedStep.execute(MarkSnapshottingInputsStartedStep.java:38)
	at org.gradle.internal.execution.steps.LoadPreviousExecutionStateStep.execute(LoadPreviousExecutionStateStep.java:36)
	at org.gradle.internal.execution.steps.LoadPreviousExecutionStateStep.execute(LoadPreviousExecutionStateStep.java:23)
	at org.gradle.internal.execution.steps.HandleStaleOutputsStep.execute(HandleStaleOutputsStep.java:75)
	at org.gradle.internal.execution.steps.HandleStaleOutputsStep.execute(HandleStaleOutputsStep.java:41)
	at org.gradle.internal.execution.steps.AssignMutableWorkspaceStep.lambda$execute$0(AssignMutableWorkspaceStep.java:35)
	at org.gradle.api.internal.tasks.execution.TaskExecution$4.withWorkspace(TaskExecution.java:292)
	at org.gradle.internal.execution.steps.AssignMutableWorkspaceStep.execute(AssignMutableWorkspaceStep.java:31)
	at org.gradle.internal.execution.steps.AssignMutableWorkspaceStep.execute(AssignMutableWorkspaceStep.java:22)
	at org.gradle.internal.execution.steps.ChoosePipelineStep.execute(ChoosePipelineStep.java:40)
	at org.gradle.internal.execution.steps.ChoosePipelineStep.execute(ChoosePipelineStep.java:23)
	at org.gradle.internal.execution.steps.ExecuteWorkBuildOperationFiringStep.lambda$execute$2(ExecuteWorkBuildOperationFiringStep.java:66)
	at org.gradle.internal.execution.steps.ExecuteWorkBuildOperationFiringStep.execute(ExecuteWorkBuildOperationFiringStep.java:66)
	at org.gradle.internal.execution.steps.ExecuteWorkBuildOperationFiringStep.execute(ExecuteWorkBuildOperationFiringStep.java:38)
	at org.gradle.internal.execution.steps.IdentityCacheStep.execute(IdentityCacheStep.java:36)
	at org.gradle.internal.execution.steps.IdentityCacheStep.execute(IdentityCacheStep.java:26)
	at org.gradle.internal.execution.steps.IdentifyStep.execute(IdentifyStep.java:47)
	at org.gradle.internal.execution.steps.IdentifyStep.execute(IdentifyStep.java:34)
	at org.gradle.internal.execution.impl.DefaultExecutionEngine$1.execute(DefaultExecutionEngine.java:61)
	at org.gradle.api.internal.tasks.execution.ExecuteActionsTaskExecuter.executeIfValid(ExecuteActionsTaskExecuter.java:145)
	at org.gradle.api.internal.tasks.execution.ExecuteActionsTaskExecuter.execute(ExecuteActionsTaskExecuter.java:134)
	at org.gradle.api.internal.tasks.execution.FinalizePropertiesTaskExecuter.execute(FinalizePropertiesTaskExecuter.java:46)
	at org.gradle.api.internal.tasks.execution.ResolveTaskExecutionModeExecuter.execute(ResolveTaskExecutionModeExecuter.java:51)
	at org.gradle.api.internal.tasks.execution.SkipTaskWithNoActionsExecuter.execute(SkipTaskWithNoActionsExecuter.java:57)
	at org.gradle.api.internal.tasks.execution.SkipOnlyIfTaskExecuter.execute(SkipOnlyIfTaskExecuter.java:74)
	at org.gradle.api.internal.tasks.execution.CatchExceptionTaskExecuter.execute(CatchExceptionTaskExecuter.java:36)
	at org.gradle.api.internal.tasks.execution.EventFiringTaskExecuter$1.executeTask(EventFiringTaskExecuter.java:77)
	at org.gradle.api.internal.tasks.execution.EventFiringTaskExecuter$1.call(EventFiringTaskExecuter.java:55)
	at org.gradle.api.internal.tasks.execution.EventFiringTaskExecuter$1.call(EventFiringTaskExecuter.java:52)
	at org.gradle.internal.operations.DefaultBuildOperationRunner$CallableBuildOperationWorker.execute(DefaultBuildOperationRunner.java:204)
	at org.gradle.internal.operations.DefaultBuildOperationRunner$CallableBuildOperationWorker.execute(DefaultBuildOperationRunner.java:199)
	at org.gradle.internal.operations.DefaultBuildOperationRunner$2.execute(DefaultBuildOperationRunner.java:66)
	at org.gradle.internal.operations.DefaultBuildOperationRunner$2.execute(DefaultBuildOperationRunner.java:59)
	at org.gradle.internal.operations.DefaultBuildOperationRunner.execute(DefaultBuildOperationRunner.java:157)
	at org.gradle.internal.operations.DefaultBuildOperationRunner.execute(DefaultBuildOperationRunner.java:59)
	at org.gradle.internal.operations.DefaultBuildOperationRunner.call(DefaultBuildOperationRunner.java:53)
	at org.gradle.internal.operations.DefaultBuildOperationExecutor.call(DefaultBuildOperationExecutor.java:73)
	at org.gradle.api.internal.tasks.execution.EventFiringTaskExecuter.execute(EventFiringTaskExecuter.java:52)
	at org.gradle.execution.plan.LocalTaskNodeExecutor.execute(LocalTaskNodeExecutor.java:42)
	at org.gradle.execution.taskgraph.DefaultTaskExecutionGraph$InvokeNodeExecutorsAction.execute(DefaultTaskExecutionGraph.java:331)
	at org.gradle.execution.taskgraph.DefaultTaskExecutionGraph$InvokeNodeExecutorsAction.execute(DefaultTaskExecutionGraph.java:318)
	at org.gradle.execution.taskgraph.DefaultTaskExecutionGraph$BuildOperationAwareExecutionAction.lambda$execute$0(DefaultTaskExecutionGraph.java:314)
	at org.gradle.internal.operations.CurrentBuildOperationRef.with(CurrentBuildOperationRef.java:80)
	at org.gradle.execution.taskgraph.DefaultTaskExecutionGraph$BuildOperationAwareExecutionAction.execute(DefaultTaskExecutionGraph.java:314)
	at org.gradle.execution.taskgraph.DefaultTaskExecutionGraph$BuildOperationAwareExecutionAction.execute(DefaultTaskExecutionGraph.java:303)
	at org.gradle.execution.plan.DefaultPlanExecutor$ExecutorWorker.execute(DefaultPlanExecutor.java:463)
	at org.gradle.execution.plan.DefaultPlanExecutor$ExecutorWorker.run(DefaultPlanExecutor.java:380)
	at org.gradle.internal.concurrent.ExecutorPolicy$CatchAndRecordFailures.onExecute(ExecutorPolicy.java:64)
	at org.gradle.internal.concurrent.AbstractManagedExecutor$1.run(AbstractManagedExecutor.java:47)


BUILD FAILED in 7s
2 actionable tasks: 2 executed
